This is pdfTeX, Version 3.141592653-2.6-1.40.25 (TeX Live 2023/Debian) (preloaded format=pdflatex 2026.2.22)  18 APR 2026 23:36
entering extended mode
 restricted \write18 enabled.
 file:line:error style messages enabled.
 %&-line parsing enabled.
**/home/juan/comm2_G2/equipo2/ComII_G2_equipo2/practica_3/Informe/main.tex
(/home/juan/comm2_G2/equipo2/ComII_G2_equipo2/practica_3/Informe/main.tex
LaTeX2e <2023-11-01> patch level 1
L3 programming layer <2024-01-22>
(./IEEEtran.cls
Document Class: IEEEtran 2015/08/26 V1.8b by Michael Shell
-- See the "IEEEtran_HOWTO" manual for usage information.
-- http://www.michaelshell.org/tex/ieeetran/
\@IEEEtrantmpdimenA=\dimen140
\@IEEEtrantmpdimenB=\dimen141
\@IEEEtrantmpdimenC=\dimen142
\@IEEEtrantmpcountA=\count187
\@IEEEtrantmpcountB=\count188
\@IEEEtrantmpcountC=\count189
\@IEEEtrantmptoksA=\toks17
LaTeX Font Info:    Trying to load font information for OT1+ptm on input line 503.
(/usr/share/texlive/texmf-dist/tex/latex/psnfss/ot1ptm.fd
File: ot1ptm.fd 2001/06/04 font definitions for OT1/ptm.
)
-- Using 8.5in x 11in (letter) paper.
-- Using PDF output.
\@IEEEnormalsizeunitybaselineskip=\dimen143
-- This is a 10 point document.
\CLASSINFOnormalsizebaselineskip=\dimen144
\CLASSINFOnormalsizeunitybaselineskip=\dimen145
\IEEEnormaljot=\dimen146
LaTeX Font Info:    Font shape `OT1/ptm/bx/n' in size <5> not available
(Font)              Font shape `OT1/ptm/b/n' tried instead on input line 1090.
LaTeX Font Info:    Font shape `OT1/ptm/bx/it' in size <5> not available
(Font)              Font shape `OT1/ptm/b/it' tried instead on input line 1090.
LaTeX Font Info:    Font shape `OT1/ptm/bx/n' in size <7> not available
(Font)              Font shape `OT1/ptm/b/n' tried instead on input line 1090.
LaTeX Font Info:    Font shape `OT1/ptm/bx/it' in size <7> not available
(Font)              Font shape `OT1/ptm/b/it' tried instead on input line 1090.
LaTeX Font Info:    Font shape `OT1/ptm/bx/n' in size <8> not available
(Font)              Font shape `OT1/ptm/b/n' tried instead on input line 1090.
LaTeX Font Info:    Font shape `OT1/ptm/bx/it' in size <8> not available
(Font)              Font shape `OT1/ptm/b/it' tried instead on input line 1090.
LaTeX Font Info:    Font shape `OT1/ptm/bx/n' in size <9> not available
(Font)              Font shape `OT1/ptm/b/n' tried instead on input line 1090.
LaTeX Font Info:    Font shape `OT1/ptm/bx/it' in size <9> not available
(Font)              Font shape `OT1/ptm/b/it' tried instead on input line 1090.
LaTeX Font Info:    Font shape `OT1/ptm/bx/n' in size <10> not available
(Font)              Font shape `OT1/ptm/b/n' tried instead on input line 1090.
LaTeX Font Info:    Font shape `OT1/ptm/bx/it' in size <10> not available
(Font)              Font shape `OT1/ptm/b/it' tried instead on input line 1090.
LaTeX Font Info:    Font shape `OT1/ptm/bx/n' in size <11> not available
(Font)              Font shape `OT1/ptm/b/n' tried instead on input line 1090.
LaTeX Font Info:    Font shape `OT1/ptm/bx/it' in size <11> not available
(Font)              Font shape `OT1/ptm/b/it' tried instead on input line 1090.
LaTeX Font Info:    Font shape `OT1/ptm/bx/n' in size <12> not available
(Font)              Font shape `OT1/ptm/b/n' tried instead on input line 1090.
LaTeX Font Info:    Font shape `OT1/ptm/bx/it' in size <12> not available
(Font)              Font shape `OT1/ptm/b/it' tried instead on input line 1090.
LaTeX Font Info:    Font shape `OT1/ptm/bx/n' in size <17> not available
(Font)              Font shape `OT1/ptm/b/n' tried instead on input line 1090.
LaTeX Font Info:    Font shape `OT1/ptm/bx/it' in size <17> not available
(Font)              Font shape `OT1/ptm/b/it' tried instead on input line 1090.
LaTeX Font Info:    Font shape `OT1/ptm/bx/n' in size <20> not available
(Font)              Font shape `OT1/ptm/b/n' tried instead on input line 1090.
LaTeX Font Info:    Font shape `OT1/ptm/bx/it' in size <20> not available
(Font)              Font shape `OT1/ptm/b/it' tried instead on input line 1090.
LaTeX Font Info:    Font shape `OT1/ptm/bx/n' in size <24> not available
(Font)              Font shape `OT1/ptm/b/n' tried instead on input line 1090.
LaTeX Font Info:    Font shape `OT1/ptm/bx/it' in size <24> not available
(Font)              Font shape `OT1/ptm/b/it' tried instead on input line 1090.
\IEEEquantizedlength=\dimen147
\IEEEquantizedlengthdiff=\dimen148
\IEEEquantizedtextheightdiff=\dimen149
\IEEEilabelindentA=\dimen150
\IEEEilabelindentB=\dimen151
\IEEEilabelindent=\dimen152
\IEEEelabelindent=\dimen153
\IEEEdlabelindent=\dimen154
\IEEElabelindent=\dimen155
\IEEEiednormlabelsep=\dimen156
\IEEEiedmathlabelsep=\dimen157
\IEEEiedtopsep=\skip48
\c@section=\count190
\c@subsection=\count191
\c@subsubsection=\count192
\c@paragraph=\count193
\c@IEEEsubequation=\count194
\abovecaptionskip=\skip49
\belowcaptionskip=\skip50
\c@figure=\count195
\c@table=\count196
\@IEEEeqnnumcols=\count197
\@IEEEeqncolcnt=\count198
\@IEEEsubeqnnumrollback=\count199
\@IEEEquantizeheightA=\dimen158
\@IEEEquantizeheightB=\dimen159
\@IEEEquantizeheightC=\dimen160
\@IEEEquantizeprevdepth=\dimen161
\@IEEEquantizemultiple=\count266
\@IEEEquantizeboxA=\box51
\@IEEEtmpitemindent=\dimen162
\IEEEPARstartletwidth=\dimen163
\c@IEEEbiography=\count267
\@IEEEtranrubishbin=\box52
) (/usr/share/texlive/texmf-dist/tex/latex/base/inputenc.sty
Package: inputenc 2021/02/14 v1.3d Input encoding file
\inpenc@prehook=\toks18
\inpenc@posthook=\toks19
) (/usr/share/texlive/texmf-dist/tex/generic/babel/babel.sty
Package: babel 2024/01/07 v24.1 The Babel package
\babel@savecnt=\count268
\U@D=\dimen164
\l@unhyphenated=\language12
 (/usr/share/texlive/texmf-dist/tex/generic/babel/txtbabel.def)
\bbl@readstream=\read2
\bbl@dirlevel=\count269
 (/usr/share/texlive/texmf-dist/tex/generic/babel-spanish/spanish.ldf
Language: spanish.ldf 2021/05/27 v5.0q Spanish support from the babel system
\es@quottoks=\toks20
\es@quotdepth=\count270
Package babel Info: Making " an active character on input line 570.
Package babel Info: Making . an active character on input line 675.
Package babel Info: Making < an active character on input line 722.
Package babel Info: Making > an active character on input line 722.
)) (/usr/share/texlive/texmf-dist/tex/generic/babel/locale/es/babel-spanish.tex
Package babel Info: Importing font and identification data for spanish
(babel)             from babel-es.ini. Reported on input line 11.
) (/usr/share/texlive/texmf-dist/tex/latex/amsmath/amsmath.sty
Package: amsmath 2023/05/13 v2.17o AMS math features
\@mathmargin=\skip51

For additional information on amsmath, use the `?' option.
(/usr/share/texlive/texmf-dist/tex/latex/amsmath/amstext.sty
Package: amstext 2021/08/26 v2.01 AMS text
 (/usr/share/texlive/texmf-dist/tex/latex/amsmath/amsgen.sty
File: amsgen.sty 1999/11/30 v2.0 generic functions
\@emptytoks=\toks21
\ex@=\dimen165
)) (/usr/share/texlive/texmf-dist/tex/latex/amsmath/amsbsy.sty
Package: amsbsy 1999/11/29 v1.2d Bold Symbols
\pmbraise@=\dimen166
) (/usr/share/texlive/texmf-dist/tex/latex/amsmath/amsopn.sty
Package: amsopn 2022/04/08 v2.04 operator names
)
\inf@bad=\count271
LaTeX Info: Redefining \frac on input line 234.
\uproot@=\count272
\leftroot@=\count273
LaTeX Info: Redefining \overline on input line 399.
LaTeX Info: Redefining \colon on input line 410.
\classnum@=\count274
\DOTSCASE@=\count275
LaTeX Info: Redefining \ldots on input line 496.
LaTeX Info: Redefining \dots on input line 499.
LaTeX Info: Redefining \cdots on input line 620.
\Mathstrutbox@=\box53
\strutbox@=\box54
LaTeX Info: Redefining \big on input line 722.
LaTeX Info: Redefining \Big on input line 723.
LaTeX Info: Redefining \bigg on input line 724.
LaTeX Info: Redefining \Bigg on input line 725.
\big@size=\dimen167
LaTeX Font Info:    Redeclaring font encoding OML on input line 743.
LaTeX Font Info:    Redeclaring font encoding OMS on input line 744.
\macc@depth=\count276
LaTeX Info: Redefining \bmod on input line 905.
LaTeX Info: Redefining \pmod on input line 910.
LaTeX Info: Redefining \smash on input line 940.
LaTeX Info: Redefining \relbar on input line 970.
LaTeX Info: Redefining \Relbar on input line 971.
\c@MaxMatrixCols=\count277
\dotsspace@=\muskip16
\c@parentequation=\count278
\dspbrk@lvl=\count279
\tag@help=\toks22
\row@=\count280
\column@=\count281
\maxfields@=\count282
\andhelp@=\toks23
\eqnshift@=\dimen168
\alignsep@=\dimen169
\tagshift@=\dimen170
\tagwidth@=\dimen171
\totwidth@=\dimen172
\lineht@=\dimen173
\@envbody=\toks24
\multlinegap=\skip52
\multlinetaggap=\skip53
\mathdisplay@stack=\toks25
LaTeX Info: Redefining \[ on input line 2953.
LaTeX Info: Redefining \] on input line 2954.
) (/usr/share/texlive/texmf-dist/tex/latex/amsfonts/amssymb.sty
Package: amssymb 2013/01/14 v3.01 AMS font symbols
 (/usr/share/texlive/texmf-dist/tex/latex/amsfonts/amsfonts.sty
Package: amsfonts 2013/01/14 v3.01 Basic AMSFonts support
\symAMSa=\mathgroup4
\symAMSb=\mathgroup5
LaTeX Font Info:    Redeclaring math symbol \hbar on input line 98.
LaTeX Font Info:    Overwriting math alphabet `\mathfrak' in version `bold'
(Font)                  U/euf/m/n --> U/euf/b/n on input line 106.
)) (/usr/share/texlive/texmf-dist/tex/latex/graphics/graphicx.sty
Package: graphicx 2021/09/16 v1.2d Enhanced LaTeX Graphics (DPC,SPQR)
 (/usr/share/texlive/texmf-dist/tex/latex/graphics/keyval.sty
Package: keyval 2022/05/29 v1.15 key=value parser (DPC)
\KV@toks@=\toks26
) (/usr/share/texlive/texmf-dist/tex/latex/graphics/graphics.sty
Package: graphics 2022/03/10 v1.4e Standard LaTeX Graphics (DPC,SPQR)
 (/usr/share/texlive/texmf-dist/tex/latex/graphics/trig.sty
Package: trig 2021/08/11 v1.11 sin cos tan (DPC)
) (/usr/share/texlive/texmf-dist/tex/latex/graphics-cfg/graphics.cfg
File: graphics.cfg 2016/06/04 v1.11 sample graphics configuration
)
Package graphics Info: Driver file: pdftex.def on input line 107.
 (/usr/share/texlive/texmf-dist/tex/latex/graphics-def/pdftex.def
File: pdftex.def 2022/09/22 v1.2b Graphics/color driver for pdftex
))
\Gin@req@height=\dimen174
\Gin@req@width=\dimen175
) (/usr/share/texlive/texmf-dist/tex/latex/float/float.sty
Package: float 2001/11/08 v1.3d Float enhancements (AL)
\c@float@type=\count283
\float@exts=\toks27
\float@box=\box55
\@float@everytoks=\toks28
\@floatcapt=\box56
) (/usr/share/texlive/texmf-dist/tex/latex/cite/cite.sty
LaTeX Info: Redefining \cite on input line 302.
LaTeX Info: Redefining \nocite on input line 332.
Package: cite 2015/02/27  v 5.5
) (/usr/share/texlive/texmf-dist/tex/latex/url/url.sty
\Urlmuskip=\muskip17
Package: url 2013/09/16  ver 3.4  Verb mode for urls, etc.
) (/usr/share/texlive/texmf-dist/tex/latex/booktabs/booktabs.sty
Package: booktabs 2020/01/12 v1.61803398 Publication quality tables
\heavyrulewidth=\dimen176
\lightrulewidth=\dimen177
\cmidrulewidth=\dimen178
\belowrulesep=\dimen179
\belowbottomsep=\dimen180
\aboverulesep=\dimen181
\abovetopsep=\dimen182
\cmidrulesep=\dimen183
\cmidrulekern=\dimen184
\defaultaddspace=\dimen185
\@cmidla=\count284
\@cmidlb=\count285
\@aboverulesep=\dimen186
\@belowrulesep=\dimen187
\@thisruleclass=\count286
\@lastruleclass=\count287
\@thisrulewidth=\dimen188
) (/usr/share/texlive/texmf-dist/tex/latex/subfig/subfig.sty
Package: subfig 2005/06/28 ver: 1.3 subfig package
 (/usr/share/texlive/texmf-dist/tex/latex/caption/caption3.sty
Package: caption3 2023/07/31 v2.4d caption3 kernel (AR)
\caption@tempdima=\dimen189
\captionmargin=\dimen190
\caption@leftmargin=\dimen191
\caption@rightmargin=\dimen192
\caption@width=\dimen193
\caption@indent=\dimen194
\caption@parindent=\dimen195
\caption@hangindent=\dimen196
Package caption Info: Unknown document class (or package),
(caption)             standard defaults will be used.
Package caption Info: \@makecaption = \long macro:#1#2->\ifx \@captype \@IEEEtablestring \footnotesize \bgroup \par \centering \@IEEEtabletopskipstrut {\normalfont \footnotesize #1}\\{\normalfont \footnotesize \scshape #2}\par \addvspace {0.5\baselineskip }\egroup \@IEEEtablecaptionsepspace \else \@IEEEfigurecaptionsepspace \setbox \@tempboxa \hbox {\normalfont \footnotesize {#1.}\nobreakspace \nobreakspace #2}\ifdim \wd \@tempboxa >\hsize \setbox \@tempboxa \hbox {\normalfont \footnotesize {#1.}\nobreakspace \nobreakspace }\parbox [t]{\hsize }{\normalfont \footnotesize \noindent \unhbox \@tempboxa #2}\else \ifCLASSOPTIONconference \hbox to\hsize {\normalfont \footnotesize \hfil \box \@tempboxa \hfil }\else \hbox to\hsize {\normalfont \footnotesize \box \@tempboxa \hfil }\fi \fi \fi  on input line 1175.
)
\c@KVtest=\count288
\sf@farskip=\skip54
\sf@captopadj=\dimen197
\sf@capskip=\skip55
\sf@nearskip=\skip56
\c@subfigure=\count289
\c@subfigure@save=\count290
\c@lofdepth=\count291
\c@subtable=\count292
\c@subtable@save=\count293
\c@lotdepth=\count294
\sf@top=\skip57
\sf@bottom=\skip58
) (/usr/share/texlive/texmf-dist/tex/latex/l3backend/l3backend-pdftex.def
File: l3backend-pdftex.def 2024-01-04 L3 backend support: PDF output (pdfTeX)
\l__color_backend_stack_int=\count295
\l__pdf_internal_box=\box57
) (./main.aux
LaTeX Info: Redefining \. on input line 11.
LaTeX Info: Redefining \% on input line 11.
)
\openout1 = `main.aux'.

LaTeX Font Info:    Checking defaults for OML/cmm/m/it on input line 12.
LaTeX Font Info:    ... okay on input line 12.
LaTeX Font Info:    Checking defaults for OMS/cmsy/m/n on input line 12.
LaTeX Font Info:    ... okay on input line 12.
LaTeX Font Info:    Checking defaults for OT1/cmr/m/n on input line 12.
LaTeX Font Info:    ... okay on input line 12.
LaTeX Font Info:    Checking defaults for T1/cmr/m/n on input line 12.
LaTeX Font Info:    ... okay on input line 12.
LaTeX Font Info:    Checking defaults for TS1/cmr/m/n on input line 12.
LaTeX Font Info:    ... okay on input line 12.
LaTeX Font Info:    Checking defaults for OMX/cmex/m/n on input line 12.
LaTeX Font Info:    ... okay on input line 12.
LaTeX Font Info:    Checking defaults for U/cmr/m/n on input line 12.
LaTeX Font Info:    ... okay on input line 12.

-- Lines per column: 56 (exact).
LaTeX Info: Redefining \. on input line 12.
LaTeX Info: Redefining \% on input line 12.
(/usr/share/texlive/texmf-dist/tex/context/base/mkii/supp-pdf.mkii
[Loading MPS to PDF converter (version 2006.09.02).]
\scratchcounter=\count296
\scratchdimen=\dimen198
\scratchbox=\box58
\nofMPsegments=\count297
\nofMParguments=\count298
\everyMPshowfont=\toks29
\MPscratchCnt=\count299
\MPscratchDim=\dimen199
\MPnumerator=\count300
\makeMPintoPDFobject=\count301
\everyMPtoPDFconversion=\toks30
) (/usr/share/texlive/texmf-dist/tex/latex/epstopdf-pkg/epstopdf-base.sty
Package: epstopdf-base 2020-01-24 v2.11 Base part for package epstopdf
Package epstopdf-base Info: Redefining graphics rule for `.eps' on input line 485.
 (/usr/share/texlive/texmf-dist/tex/latex/latexconfig/epstopdf-sys.cfg
File: epstopdf-sys.cfg 2010/07/13 v1.3 Configuration of (r)epstopdf for TeX Live
))
Package caption Info: Begin \AtBeginDocument code.
Package caption Info: subfig package v1.3 is loaded.
Package caption Info: End \AtBeginDocument code.
LaTeX Font Info:    Trying to load font information for U+msa on input line 34.
 (/usr/share/texlive/texmf-dist/tex/latex/amsfonts/umsa.fd
File: umsa.fd 2013/01/14 v3.01 AMS symbols A
)
LaTeX Font Info:    Trying to load font information for U+msb on input line 34.
 (/usr/share/texlive/texmf-dist/tex/latex/amsfonts/umsb.fd
File: umsb.fd 2013/01/14 v3.01 AMS symbols B
) (./metologia_5.tex) (./metodologia_punto_6.tex
Underfull \vbox (badness 1360) has occurred while \output is active []

) (./metodologia_punto_7.tex [1{/var/lib/texmf/fonts/map/pdftex/updmap/pdftex.map}{/usr/share/texlive/texmf-dist/fonts/enc/dvips/base/8r.enc}


]) (./metodologia_punto_8.tex
LaTeX Font Info:    Trying to load font information for OT1+pcr on input line 2.
 (/usr/share/texlive/texmf-dist/tex/latex/psnfss/ot1pcr.fd
File: ot1pcr.fd 2001/06/04 font definitions for OT1/pcr.
)) (./metodologia_punto_9.tex) (./metodologia_punto_10.tex
<imagenes/propuesta.png, id=15, 600.44325pt x 312.56775pt>
File: imagenes/propuesta.png Graphic file (type png)
<use imagenes/propuesta.png>
Package pdftex.def Info: imagenes/propuesta.png  used on input line 16.
(pdftex.def)             Requested size: 239.39923pt x 124.61948pt.
) (./resultado_punto6.tex
<imagenes/5.2.jpeg, id=17, 1606.0pt x 828.09375pt>
File: imagenes/5.2.jpeg Graphic file (type jpg)
<use imagenes/5.2.jpeg>
Package pdftex.def Info: imagenes/5.2.jpeg  used on input line 11.
(pdftex.def)             Requested size: 247.6778pt x 127.70879pt.
 [2 <./imagenes/propuesta.png> <./imagenes/5.2.jpeg>]
<imagenes/5.3.jpeg, id=25, 1606.0pt x 827.09pt>
File: imagenes/5.3.jpeg Graphic file (type jpg)
<use imagenes/5.3.jpeg>
Package pdftex.def Info: imagenes/5.3.jpeg  used on input line 24.
(pdftex.def)             Requested size: 247.6778pt x 127.55399pt.
<imagenes/5.4.jpeg, id=26, 1606.0pt x 817.0525pt>
File: imagenes/5.4.jpeg Graphic file (type jpg)
<use imagenes/5.4.jpeg>
Package pdftex.def Info: imagenes/5.4.jpeg  used on input line 37.
(pdftex.def)             Requested size: 247.6778pt x 126.006pt.
<imagenes/5.5.jpeg, id=27, 1606.0pt x 830.10126pt>
File: imagenes/5.5.jpeg Graphic file (type jpg)
<use imagenes/5.5.jpeg>
Package pdftex.def Info: imagenes/5.5.jpeg  used on input line 50.
(pdftex.def)             Requested size: 247.6778pt x 128.01839pt.

Underfull \vbox (badness 10000) has occurred while \output is active []

) (./resultados_punto_6.tex
<imagenes/vco_rf.png, id=28, 670.30424pt x 431.81325pt>
File: imagenes/vco_rf.png Graphic file (type png)
<use imagenes/vco_rf.png>
Package pdftex.def Info: imagenes/vco_rf.png  used on input line 6.
(pdftex.def)             Requested size: 247.6778pt x 159.55095pt.
 [3 <./imagenes/5.3.jpeg> <./imagenes/5.4.jpeg> <./imagenes/5.5.jpeg> <./imagenes/vco_rf.png>]
<imagenes/vco_ec.png, id=33, 718.48425pt x 359.54324pt>
File: imagenes/vco_ec.png Graphic file (type png)
<use imagenes/vco_ec.png>
Package pdftex.def Info: imagenes/vco_ec.png  used on input line 17.
(pdftex.def)             Requested size: 247.6778pt x 123.94379pt.
) (./resultados_punto_7.tex
<imagenes/bpsk_tiempo.png, id=34, 1121.3895pt x 492.6405pt>
File: imagenes/bpsk_tiempo.png Graphic file (type png)
<use imagenes/bpsk_tiempo.png>
Package pdftex.def Info: imagenes/bpsk_tiempo.png  used on input line 6.
(pdftex.def)             Requested size: 120.95892pt x 53.13823pt.
<imagenes/bpsk_frecuencia_var.png, id=35, 1132.83224pt x 545.03625pt>
File: imagenes/bpsk_frecuencia_var.png Graphic file (type png)
<use imagenes/bpsk_frecuencia_var.png>
Package pdftex.def Info: imagenes/bpsk_frecuencia_var.png  used on input line 8.
(pdftex.def)             Requested size: 120.95892pt x 58.19106pt.
) (./resultados_punto_8.tex
<imagenes/señal_modulada_punto_8_fc_12000_df_32000.png, id=36, 1155.71774pt x 613.0905pt>
File: imagenes/señal_modulada_punto_8_fc_12000_df_32000.png Graphic file (type png)
<use imagenes/señal_modulada_punto_8_fc_12000_df_32000.png>
Package pdftex.def Info: imagenes/señal_modulada_punto_8_fc_12000_df_32000.png  used on input line 7.
(pdftex.def)             Requested size: 120.95892pt x 64.16591pt.
<imagenes/señal_modulada_punto_8_fc_30000_df_32000.png, id=37, 1155.71774pt x 612.48825pt>
File: imagenes/señal_modulada_punto_8_fc_30000_df_32000.png Graphic file (type png)
<use imagenes/señal_modulada_punto_8_fc_30000_df_32000.png>
Package pdftex.def Info: imagenes/señal_modulada_punto_8_fc_30000_df_32000.png  used on input line 9.
(pdftex.def)             Requested size: 120.95892pt x 64.10287pt.
<imagenes/dominio_en_frecuencia_fc_120000_df_2000_punto_8.png, id=38, 1155.71774pt x 613.69275pt>
File: imagenes/dominio_en_frecuencia_fc_120000_df_2000_punto_8.png Graphic file (type png)
<use imagenes/dominio_en_frecuencia_fc_120000_df_2000_punto_8.png>
Package pdftex.def Info: imagenes/dominio_en_frecuencia_fc_120000_df_2000_punto_8.png  used on input line 20.
(pdftex.def)             Requested size: 120.95892pt x 64.22894pt.

Underfull \hbox (badness 2698) in paragraph at lines 20--20
[]\OT1/ptm/m/n/8 (a) |So-la-pa-mien-to es-pec-tral cr[]^^Pti-co
 []

<imagenes/dominio_en_frecuencia_fc_120000_df_32000_punto_8.png, id=39, 1155.71774pt x 612.48825pt>
File: imagenes/dominio_en_frecuencia_fc_120000_df_32000_punto_8.png Graphic file (type png)
<use imagenes/dominio_en_frecuencia_fc_120000_df_32000_punto_8.png>
Package pdftex.def Info: imagenes/dominio_en_frecuencia_fc_120000_df_32000_punto_8.png  used on input line 22.
(pdftex.def)             Requested size: 120.95892pt x 64.10287pt.

Underfull \hbox (badness 1831) in paragraph at lines 22--22
[]\OT1/ptm/m/n/8 (b) |Se-pa-ra-ci[]on es-pec-tral ade-cua-da
 []


LaTeX Warning: `h' float specifier changed to `ht'.

) (./resultados_punto_9.tex
<imagenes/constelacion_punto_8_fc_12000_df_2000.png, id=40, 1155.71774pt x 612.48825pt>
File: imagenes/constelacion_punto_8_fc_12000_df_2000.png Graphic file (type png)
<use imagenes/constelacion_punto_8_fc_12000_df_2000.png>
Package pdftex.def Info: imagenes/constelacion_punto_8_fc_12000_df_2000.png  used on input line 5.
(pdftex.def)             Requested size: 120.95892pt x 64.10287pt.
<imagenes/constelacion_punto_8_fc_12000_df_32000.png, id=41, 1155.71774pt x 610.07925pt>
File: imagenes/constelacion_punto_8_fc_12000_df_32000.png Graphic file (type png)
<use imagenes/constelacion_punto_8_fc_12000_df_32000.png>
Package pdftex.def Info: imagenes/constelacion_punto_8_fc_12000_df_32000.png  used on input line 7.
(pdftex.def)             Requested size: 120.95892pt x 63.85075pt.
 [4 <./imagenes/vco_ec.png> <./imagenes/bpsk_tiempo.png> <./imagenes/bpsk_frecuencia_var.png> <./imagenes/señal_modulada_punto_8_fc_12000_df_32000.png> <./imagenes/señal_modulada_punto_8_fc_30000_df_32000.png> <./imagenes/dominio_en_frecuencia_fc_120000_df_2000_punto_8.png> <./imagenes/dominio_en_frecuencia_fc_120000_df_32000_punto_8.png>]) (./resultados_punto_10.tex
<imagenes/prueba.png, id=55, 1155.1155pt x 614.295pt>
File: imagenes/prueba.png Graphic file (type png)
<use imagenes/prueba.png>
Package pdftex.def Info: imagenes/prueba.png  used on input line 15.
(pdftex.def)             Requested size: 239.39923pt x 127.30917pt.
) (./conclusiones.tex)

** Conference Paper **
Before submitting the final camera ready copy, remember to:

 1. Manually equalize the lengths of two columns on the last page
 of your paper;

 2. Ensure that any PostScript and/or PDF output post-processing
 uses only Type 1 fonts and that every step in the generation
 process uses the appropriate paper size.

[5 <./imagenes/constelacion_punto_8_fc_12000_df_2000.png> <./imagenes/constelacion_punto_8_fc_12000_df_32000.png> <./imagenes/prueba.png>] (./main.aux
LaTeX Info: Redefining \. on input line 11.
LaTeX Info: Redefining \% on input line 11.
)
 ***********
LaTeX2e <2023-11-01> patch level 1
L3 programming layer <2024-01-22>
 ***********
 ) 
Here is how much of TeX's memory you used:
 6462 strings out of 476047
 111520 string characters out of 5792075
 1947975 words of memory out of 5000000
 28379 multiletter control sequences out of 15000+600000
 598331 words of font info for 112 fonts, out of 8000000 for 9000
 85 hyphenation exceptions out of 8191
 57i,13n,65p,1297b,489s stack positions out of 10000i,1000n,20000p,200000b,200000s
</usr/share/texlive/texmf-dist/fonts/type1/public/amsfonts/cm/cmex10.pfb></usr/share/texlive/texmf-dist/fonts/type1/public/amsfonts/cm/cmmi10.pfb></usr/share/texlive/texmf-dist/fonts/type1/public/amsfonts/cm/cmmi5.pfb></usr/share/texlive/texmf-dist/fonts/type1/public/amsfonts/cm/cmmi6.pfb></usr/share/texlive/texmf-dist/fonts/type1/public/amsfonts/cm/cmmi7.pfb></usr/share/texlive/texmf-dist/fonts/type1/public/amsfonts/cm/cmmi8.pfb></usr/share/texlive/texmf-dist/fonts/type1/public/amsfonts/cm/cmr10.pfb></usr/share/texlive/texmf-dist/fonts/type1/public/amsfonts/cm/cmr7.pfb></usr/share/texlive/texmf-dist/fonts/type1/public/amsfonts/cm/cmr8.pfb></usr/share/texlive/texmf-dist/fonts/type1/public/amsfonts/cm/cmsy10.pfb></usr/share/texlive/texmf-dist/fonts/type1/public/amsfonts/cm/cmsy7.pfb></usr/share/texlive/texmf-dist/fonts/type1/urw/courier/ucrr8a.pfb></usr/share/texlive/texmf-dist/fonts/type1/urw/times/utmb8a.pfb></usr/share/texlive/texmf-dist/fonts/type1/urw/times/utmbi8a.pfb></usr/share/texlive/texmf-dist/fonts/type1/urw/times/utmr8a.pfb></usr/share/texlive/texmf-dist/fonts/type1/urw/times/utmri8a.pfb>
Output written on main.pdf (5 pages, 1583174 bytes).
PDF statistics:
 130 PDF objects out of 1000 (max. 8388607)
 62 compressed objects within 1 object stream
 0 named destinations out of 1000 (max. 500000)
 81 words of extra memory for PDF output out of 10000 (max. 10000000)

